
AVRASM ver. 2.1.30  C:\CAD PROJECT\Debug\List\OriginalProject.asm Mon Apr 06 18:23:15 2020

C:\CAD PROJECT\Debug\List\OriginalProject.asm(1085): warning: Register r3 already defined by the .DEF directive
C:\CAD PROJECT\Debug\List\OriginalProject.asm(1086): warning: Register r4 already defined by the .DEF directive
C:\CAD PROJECT\Debug\List\OriginalProject.asm(1087): warning: Register r5 already defined by the .DEF directive
C:\CAD PROJECT\Debug\List\OriginalProject.asm(1088): warning: Register r6 already defined by the .DEF directive
C:\CAD PROJECT\Debug\List\OriginalProject.asm(1089): warning: Register r7 already defined by the .DEF directive
C:\CAD PROJECT\Debug\List\OriginalProject.asm(1090): warning: Register r8 already defined by the .DEF directive
C:\CAD PROJECT\Debug\List\OriginalProject.asm(1091): warning: Register r9 already defined by the .DEF directive
C:\CAD PROJECT\Debug\List\OriginalProject.asm(1092): warning: Register r10 already defined by the .DEF directive
C:\CAD PROJECT\Debug\List\OriginalProject.asm(1093): warning: Register r11 already defined by the .DEF directive
C:\CAD PROJECT\Debug\List\OriginalProject.asm(1094): warning: Register r12 already defined by the .DEF directive
C:\CAD PROJECT\Debug\List\OriginalProject.asm(1095): warning: Register r13 already defined by the .DEF directive
C:\CAD PROJECT\Debug\List\OriginalProject.asm(1096): warning: Register r14 already defined by the .DEF directive
                 
                 
                 ;CodeVisionAVR C Compiler V3.39a 
                 ;(C) Copyright 1998-2020 Pavel Haiduc, HP InfoTech s.r.l.
                 ;http://www.hpinfotech.ro
                 
                 ;Build configuration    : Debug
                 ;Chip type              : ATmega328P
                 ;Program type           : Application
                 ;Clock frequency        : 8.000000 MHz
                 ;Memory model           : Small
                 ;Optimize for           : Size
                 ;(s)printf features     : int, width
                 ;(s)scanf features      : int, width
                 ;External RAM size      : 0
                 ;Data Stack size        : 512 byte(s)
                 ;Heap size              : 0 byte(s)
                 ;Promote 'char' to 'int': Yes
                 ;'char' is unsigned     : Yes
                 ;8 bit enums            : Yes
                 ;Global 'const' stored in FLASH: No
                 ;Enhanced function parameter passing: Mode 1
                 ;Enhanced core instructions: On
                 ;Automatic register allocation for global variables: On
                 ;Smart register allocation: On
                 
                 	#define _MODEL_SMALL_
                 
                 	#pragma AVRPART ADMIN PART_NAME ATmega328P
                 	#pragma AVRPART MEMORY PROG_FLASH 32768
                 	#pragma AVRPART MEMORY EEPROM 1024
                 	#pragma AVRPART MEMORY INT_SRAM SIZE 2048
                 	#pragma AVRPART MEMORY INT_SRAM START_ADDR 0x100
                 
                 	#define CALL_SUPPORTED 1
                 
                 	.LISTMAC
                 	.EQU EERE=0x0
                 	.EQU EEWE=0x1
                 	.EQU EEMWE=0x2
                 	.EQU UDRE=0x5
                 	.EQU RXC=0x7
                 	.EQU EECR=0x1F
                 	.EQU EEDR=0x20
                 	.EQU EEARL=0x21
                 	.EQU EEARH=0x22
                 	.EQU SPSR=0x2D
                 	.EQU SPDR=0x2E
                 	.EQU SMCR=0x33
                 	.EQU MCUSR=0x34
                 	.EQU MCUCR=0x35
                 	.EQU WDTCSR=0x60
                 	.EQU UCSR0A=0xC0
                 	.EQU UDR0=0xC6
                 	.EQU SPL=0x3D
                 	.EQU SPH=0x3E
                 	.EQU SREG=0x3F
                 	.EQU GPIOR0=0x1E
                 
                 	.DEF R0X0=R0
                 	.DEF R0X1=R1
                 	.DEF R0X2=R2
                 	.DEF R0X3=R3
                 	.DEF R0X4=R4
                 	.DEF R0X5=R5
                 	.DEF R0X6=R6
                 	.DEF R0X7=R7
                 	.DEF R0X8=R8
                 	.DEF R0X9=R9
                 	.DEF R0XA=R10
                 	.DEF R0XB=R11
                 	.DEF R0XC=R12
                 	.DEF R0XD=R13
                 	.DEF R0XE=R14
                 	.DEF R0XF=R15
                 	.DEF R0X10=R16
                 	.DEF R0X11=R17
                 	.DEF R0X12=R18
                 	.DEF R0X13=R19
                 	.DEF R0X14=R20
                 	.DEF R0X15=R21
                 	.DEF R0X16=R22
                 	.DEF R0X17=R23
                 	.DEF R0X18=R24
                 	.DEF R0X19=R25
                 	.DEF R0X1A=R26
                 	.DEF R0X1B=R27
                 	.DEF R0X1C=R28
                 	.DEF R0X1D=R29
                 	.DEF R0X1E=R30
                 	.DEF R0X1F=R31
                 
                 	.EQU __SRAM_START=0x0100
                 	.EQU __SRAM_END=0x08FF
                 	.EQU __DSTACK_SIZE=0x0200
                 	.EQU __HEAP_SIZE=0x0000
                 	.EQU __CLEAR_SRAM_SIZE=__SRAM_END-__SRAM_START+1
                 
                 	.MACRO __CPD1N
                 	CPI  R30,LOW(@0)
                 	LDI  R26,HIGH(@0)
                 	CPC  R31,R26
                 	LDI  R26,BYTE3(@0)
                 	CPC  R22,R26
                 	LDI  R26,BYTE4(@0)
                 	CPC  R23,R26
                 	.ENDM
                 
                 	.MACRO __CPD2N
                 	CPI  R26,LOW(@0)
                 	LDI  R30,HIGH(@0)
                 	CPC  R27,R30
                 	LDI  R30,BYTE3(@0)
                 	CPC  R24,R30
                 	LDI  R30,BYTE4(@0)
                 	CPC  R25,R30
                 	.ENDM
                 
                 	.MACRO __CPWRR
                 	CP   R@0,R@2
                 	CPC  R@1,R@3
                 	.ENDM
                 
                 	.MACRO __CPWRN
                 	CPI  R@0,LOW(@2)
                 	LDI  R30,HIGH(@2)
                 	CPC  R@1,R30
                 	.ENDM
                 
                 	.MACRO __ADDB1MN
                 	SUBI R30,LOW(-@0-(@1))
                 	.ENDM
                 
                 	.MACRO __ADDB2MN
                 	SUBI R26,LOW(-@0-(@1))
                 	.ENDM
                 
                 	.MACRO __ADDW1MN
                 	SUBI R30,LOW(-@0-(@1))
                 	SBCI R31,HIGH(-@0-(@1))
                 	.ENDM
                 
                 	.MACRO __ADDW2MN
                 	SUBI R26,LOW(-@0-(@1))
                 	SBCI R27,HIGH(-@0-(@1))
                 	.ENDM
                 
                 	.MACRO __ADDW1FN
                 	SUBI R30,LOW(-2*@0-(@1))
                 	SBCI R31,HIGH(-2*@0-(@1))
                 	.ENDM
                 
                 	.MACRO __ADDD1FN
                 	SUBI R30,LOW(-2*@0-(@1))
                 	SBCI R31,HIGH(-2*@0-(@1))
                 	SBCI R22,BYTE3(-2*@0-(@1))
                 	.ENDM
                 
                 	.MACRO __ADDD1N
                 	SUBI R30,LOW(-@0)
                 	SBCI R31,HIGH(-@0)
                 	SBCI R22,BYTE3(-@0)
                 	SBCI R23,BYTE4(-@0)
                 	.ENDM
                 
                 	.MACRO __ADDD2N
                 	SUBI R26,LOW(-@0)
                 	SBCI R27,HIGH(-@0)
                 	SBCI R24,BYTE3(-@0)
                 	SBCI R25,BYTE4(-@0)
                 	.ENDM
                 
                 	.MACRO __SUBD1N
                 	SUBI R30,LOW(@0)
                 	SBCI R31,HIGH(@0)
                 	SBCI R22,BYTE3(@0)
                 	SBCI R23,BYTE4(@0)
                 	.ENDM
                 
                 	.MACRO __SUBD2N
                 	SUBI R26,LOW(@0)
                 	SBCI R27,HIGH(@0)
                 	SBCI R24,BYTE3(@0)
                 	SBCI R25,BYTE4(@0)
                 	.ENDM
                 
                 	.MACRO __ANDBMNN
                 	LDS  R30,@0+(@1)
                 	ANDI R30,LOW(@2)
                 	STS  @0+(@1),R30
                 	.ENDM
                 
                 	.MACRO __ANDWMNN
                 	LDS  R30,@0+(@1)
                 	ANDI R30,LOW(@2)
                 	STS  @0+(@1),R30
                 	LDS  R30,@0+(@1)+1
                 	ANDI R30,HIGH(@2)
                 	STS  @0+(@1)+1,R30
                 	.ENDM
                 
                 	.MACRO __ANDD1N
                 	ANDI R30,LOW(@0)
                 	ANDI R31,HIGH(@0)
                 	ANDI R22,BYTE3(@0)
                 	ANDI R23,BYTE4(@0)
                 	.ENDM
                 
                 	.MACRO __ANDD2N
                 	ANDI R26,LOW(@0)
                 	ANDI R27,HIGH(@0)
                 	ANDI R24,BYTE3(@0)
                 	ANDI R25,BYTE4(@0)
                 	.ENDM
                 
                 	.MACRO __ORBMNN
                 	LDS  R30,@0+(@1)
                 	ORI  R30,LOW(@2)
                 	STS  @0+(@1),R30
                 	.ENDM
                 
                 	.MACRO __ORWMNN
                 	LDS  R30,@0+(@1)
                 	ORI  R30,LOW(@2)
                 	STS  @0+(@1),R30
                 	LDS  R30,@0+(@1)+1
                 	ORI  R30,HIGH(@2)
                 	STS  @0+(@1)+1,R30
                 	.ENDM
                 
                 	.MACRO __ORD1N
                 	ORI  R30,LOW(@0)
                 	ORI  R31,HIGH(@0)
                 	ORI  R22,BYTE3(@0)
                 	ORI  R23,BYTE4(@0)
                 	.ENDM
                 
                 	.MACRO __ORD2N
                 	ORI  R26,LOW(@0)
                 	ORI  R27,HIGH(@0)
                 	ORI  R24,BYTE3(@0)
                 	ORI  R25,BYTE4(@0)
                 	.ENDM
                 
                 	.MACRO __DELAY_USB
                 	LDI  R24,LOW(@0)
                 __DELAY_USB_LOOP:
                 	DEC  R24
                 	BRNE __DELAY_USB_LOOP
                 	.ENDM
                 
                 	.MACRO __DELAY_USW
                 	LDI  R24,LOW(@0)
                 	LDI  R25,HIGH(@0)
                 __DELAY_USW_LOOP:
                 	SBIW R24,1
                 	BRNE __DELAY_USW_LOOP
                 	.ENDM
                 
                 	.MACRO __GETD1S
                 	LDD  R30,Y+@0
                 	LDD  R31,Y+@0+1
                 	LDD  R22,Y+@0+2
                 	LDD  R23,Y+@0+3
                 	.ENDM
                 
                 	.MACRO __GETD2S
                 	LDD  R26,Y+@0
                 	LDD  R27,Y+@0+1
                 	LDD  R24,Y+@0+2
                 	LDD  R25,Y+@0+3
                 	.ENDM
                 
                 	.MACRO __PUTD1S
                 	STD  Y+@0,R30
                 	STD  Y+@0+1,R31
                 	STD  Y+@0+2,R22
                 	STD  Y+@0+3,R23
                 	.ENDM
                 
                 	.MACRO __PUTD2S
                 	STD  Y+@0,R26
                 	STD  Y+@0+1,R27
                 	STD  Y+@0+2,R24
                 	STD  Y+@0+3,R25
                 	.ENDM
                 
                 	.MACRO __PUTDZ2
                 	STD  Z+@0,R26
                 	STD  Z+@0+1,R27
                 	STD  Z+@0+2,R24
                 	STD  Z+@0+3,R25
                 	.ENDM
                 
                 	.MACRO __CLRD1S
                 	STD  Y+@0,R30
                 	STD  Y+@0+1,R30
                 	STD  Y+@0+2,R30
                 	STD  Y+@0+3,R30
                 	.ENDM
                 
                 	.MACRO __POINTB1MN
                 	LDI  R30,LOW(@0+(@1))
                 	.ENDM
                 
                 	.MACRO __POINTW1MN
                 	LDI  R30,LOW(@0+(@1))
                 	LDI  R31,HIGH(@0+(@1))
                 	.ENDM
                 
                 	.MACRO __POINTD1M
                 	LDI  R30,LOW(@0)
                 	LDI  R31,HIGH(@0)
                 	LDI  R22,BYTE3(@0)
                 	LDI  R23,BYTE4(@0)
                 	.ENDM
                 
                 	.MACRO __POINTW1FN
                 	LDI  R30,LOW(2*@0+(@1))
                 	LDI  R31,HIGH(2*@0+(@1))
                 	.ENDM
                 
                 	.MACRO __POINTD1FN
                 	LDI  R30,LOW(2*@0+(@1))
                 	LDI  R31,HIGH(2*@0+(@1))
                 	LDI  R22,BYTE3(2*@0+(@1))
                 	LDI  R23,BYTE4(2*@0+(@1))
                 	.ENDM
                 
                 	.MACRO __POINTB2MN
                 	LDI  R26,LOW(@0+(@1))
                 	.ENDM
                 
                 	.MACRO __POINTW2MN
                 	LDI  R26,LOW(@0+(@1))
                 	LDI  R27,HIGH(@0+(@1))
                 	.ENDM
                 
                 	.MACRO __POINTD2M
                 	LDI  R26,LOW(@0)
                 	LDI  R27,HIGH(@0)
                 	LDI  R24,BYTE3(@0)
                 	LDI  R25,BYTE4(@0)
                 	.ENDM
                 
                 	.MACRO __POINTW2FN
                 	LDI  R26,LOW(2*@0+(@1))
                 	LDI  R27,HIGH(2*@0+(@1))
                 	.ENDM
                 
                 	.MACRO __POINTD2FN
                 	LDI  R26,LOW(2*@0+(@1))
                 	LDI  R27,HIGH(2*@0+(@1))
                 	LDI  R24,BYTE3(2*@0+(@1))
                 	LDI  R25,BYTE4(2*@0+(@1))
                 	.ENDM
                 
                 	.MACRO __POINTBRM
                 	LDI  R@0,LOW(@1)
                 	.ENDM
                 
                 	.MACRO __POINTWRM
                 	LDI  R@0,LOW(@2)
                 	LDI  R@1,HIGH(@2)
                 	.ENDM
                 
                 	.MACRO __POINTBRMN
                 	LDI  R@0,LOW(@1+(@2))
                 	.ENDM
                 
                 	.MACRO __POINTWRMN
                 	LDI  R@0,LOW(@2+(@3))
                 	LDI  R@1,HIGH(@2+(@3))
                 	.ENDM
                 
                 	.MACRO __POINTWRFN
                 	LDI  R@0,LOW(@2*2+(@3))
                 	LDI  R@1,HIGH(@2*2+(@3))
                 	.ENDM
                 
                 	.MACRO __GETD1N
                 	LDI  R30,LOW(@0)
                 	LDI  R31,HIGH(@0)
                 	LDI  R22,BYTE3(@0)
                 	LDI  R23,BYTE4(@0)
                 	.ENDM
                 
                 	.MACRO __GETD2N
                 	LDI  R26,LOW(@0)
                 	LDI  R27,HIGH(@0)
                 	LDI  R24,BYTE3(@0)
                 	LDI  R25,BYTE4(@0)
                 	.ENDM
                 
                 	.MACRO __GETB1MN
                 	LDS  R30,@0+(@1)
                 	.ENDM
                 
                 	.MACRO __GETB1HMN
                 	LDS  R31,@0+(@1)
                 	.ENDM
                 
                 	.MACRO __GETW1MN
                 	LDS  R30,@0+(@1)
                 	LDS  R31,@0+(@1)+1
                 	.ENDM
                 
                 	.MACRO __GETD1MN
                 	LDS  R30,@0+(@1)
                 	LDS  R31,@0+(@1)+1
                 	LDS  R22,@0+(@1)+2
                 	LDS  R23,@0+(@1)+3
                 	.ENDM
                 
                 	.MACRO __GETBRMN
                 	LDS  R@0,@1+(@2)
                 	.ENDM
                 
                 	.MACRO __GETWRMN
                 	LDS  R@0,@2+(@3)
                 	LDS  R@1,@2+(@3)+1
                 	.ENDM
                 
                 	.MACRO __GETWRZ
                 	LDD  R@0,Z+@2
                 	LDD  R@1,Z+@2+1
                 	.ENDM
                 
                 	.MACRO __GETD2Z
                 	LDD  R26,Z+@0
                 	LDD  R27,Z+@0+1
                 	LDD  R24,Z+@0+2
                 	LDD  R25,Z+@0+3
                 	.ENDM
                 
                 	.MACRO __GETB2MN
                 	LDS  R26,@0+(@1)
                 	.ENDM
                 
                 	.MACRO __GETW2MN
                 	LDS  R26,@0+(@1)
                 	LDS  R27,@0+(@1)+1
                 	.ENDM
                 
                 	.MACRO __GETD2MN
                 	LDS  R26,@0+(@1)
                 	LDS  R27,@0+(@1)+1
                 	LDS  R24,@0+(@1)+2
                 	LDS  R25,@0+(@1)+3
                 	.ENDM
                 
                 	.MACRO __PUTB1MN
                 	STS  @0+(@1),R30
                 	.ENDM
                 
                 	.MACRO __PUTW1MN
                 	STS  @0+(@1),R30
                 	STS  @0+(@1)+1,R31
                 	.ENDM
                 
                 	.MACRO __PUTD1MN
                 	STS  @0+(@1),R30
                 	STS  @0+(@1)+1,R31
                 	STS  @0+(@1)+2,R22
                 	STS  @0+(@1)+3,R23
                 	.ENDM
                 
                 	.MACRO __PUTB1EN
                 	LDI  R26,LOW(@0+(@1))
                 	LDI  R27,HIGH(@0+(@1))
                 	CALL __EEPROMWRB
                 	.ENDM
                 
                 	.MACRO __PUTW1EN
                 	LDI  R26,LOW(@0+(@1))
                 	LDI  R27,HIGH(@0+(@1))
                 	CALL __EEPROMWRW
                 	.ENDM
                 
                 	.MACRO __PUTD1EN
                 	LDI  R26,LOW(@0+(@1))
                 	LDI  R27,HIGH(@0+(@1))
                 	CALL __EEPROMWRD
                 	.ENDM
                 
                 	.MACRO __PUTBR0MN
                 	STS  @0+(@1),R0
                 	.ENDM
                 
                 	.MACRO __PUTBMRN
                 	STS  @0+(@1),R@2
                 	.ENDM
                 
                 	.MACRO __PUTWMRN
                 	STS  @0+(@1),R@2
                 	STS  @0+(@1)+1,R@3
                 	.ENDM
                 
                 	.MACRO __PUTBZR
                 	STD  Z+@1,R@0
                 	.ENDM
                 
                 	.MACRO __PUTWZR
                 	STD  Z+@2,R@0
                 	STD  Z+@2+1,R@1
                 	.ENDM
                 
                 	.MACRO __GETW1R
                 	MOV  R30,R@0
                 	MOV  R31,R@1
                 	.ENDM
                 
                 	.MACRO __GETW2R
                 	MOV  R26,R@0
                 	MOV  R27,R@1
                 	.ENDM
                 
                 	.MACRO __GETWRN
                 	LDI  R@0,LOW(@2)
                 	LDI  R@1,HIGH(@2)
                 	.ENDM
                 
                 	.MACRO __PUTW1R
                 	MOV  R@0,R30
                 	MOV  R@1,R31
                 	.ENDM
                 
                 	.MACRO __PUTW2R
                 	MOV  R@0,R26
                 	MOV  R@1,R27
                 	.ENDM
                 
                 	.MACRO __ADDWRN
                 	SUBI R@0,LOW(-@2)
                 	SBCI R@1,HIGH(-@2)
                 	.ENDM
                 
                 	.MACRO __ADDWRR
                 	ADD  R@0,R@2
                 	ADC  R@1,R@3
                 	.ENDM
                 
                 	.MACRO __SUBWRN
                 	SUBI R@0,LOW(@2)
                 	SBCI R@1,HIGH(@2)
                 	.ENDM
                 
                 	.MACRO __SUBWRR
                 	SUB  R@0,R@2
                 	SBC  R@1,R@3
                 	.ENDM
                 
                 	.MACRO __ANDWRN
                 	ANDI R@0,LOW(@2)
                 	ANDI R@1,HIGH(@2)
                 	.ENDM
                 
                 	.MACRO __ANDWRR
                 	AND  R@0,R@2
                 	AND  R@1,R@3
                 	.ENDM
                 
                 	.MACRO __ORWRN
                 	ORI  R@0,LOW(@2)
                 	ORI  R@1,HIGH(@2)
                 	.ENDM
                 
                 	.MACRO __ORWRR
                 	OR   R@0,R@2
                 	OR   R@1,R@3
                 	.ENDM
                 
                 	.MACRO __EORWRR
                 	EOR  R@0,R@2
                 	EOR  R@1,R@3
                 	.ENDM
                 
                 	.MACRO __GETWRS
                 	LDD  R@0,Y+@2
                 	LDD  R@1,Y+@2+1
                 	.ENDM
                 
                 	.MACRO __PUTBSR
                 	STD  Y+@1,R@0
                 	.ENDM
                 
                 	.MACRO __PUTWSR
                 	STD  Y+@2,R@0
                 	STD  Y+@2+1,R@1
                 	.ENDM
                 
                 	.MACRO __MOVEWRR
                 	MOV  R@0,R@2
                 	MOV  R@1,R@3
                 	.ENDM
                 
                 	.MACRO __INWR
                 	IN   R@0,@2
                 	IN   R@1,@2+1
                 	.ENDM
                 
                 	.MACRO __OUTWR
                 	OUT  @2+1,R@1
                 	OUT  @2,R@0
                 	.ENDM
                 
                 	.MACRO __CALL1MN
                 	LDS  R30,@0+(@1)
                 	LDS  R31,@0+(@1)+1
                 	ICALL
                 	.ENDM
                 
                 	.MACRO __CALL1FN
                 	LDI  R30,LOW(2*@0+(@1))
                 	LDI  R31,HIGH(2*@0+(@1))
                 	CALL __GETW1PF
                 	ICALL
                 	.ENDM
                 
                 	.MACRO __CALL2EN
                 	PUSH R26
                 	PUSH R27
                 	LDI  R26,LOW(@0+(@1))
                 	LDI  R27,HIGH(@0+(@1))
                 	CALL __EEPROMRDW
                 	POP  R27
                 	POP  R26
                 	ICALL
                 	.ENDM
                 
                 	.MACRO __CALL2EX
                 	SUBI R26,LOW(-@0)
                 	SBCI R27,HIGH(-@0)
                 	CALL __EEPROMRDD
                 	ICALL
                 	.ENDM
                 
                 	.MACRO __GETW1STACK
                 	IN   R30,SPL
                 	IN   R31,SPH
                 	ADIW R30,@0+1
                 	LD   R0,Z+
                 	LD   R31,Z
                 	MOV  R30,R0
                 	.ENDM
                 
                 	.MACRO __GETD1STACK
                 	IN   R30,SPL
                 	IN   R31,SPH
                 	ADIW R30,@0+1
                 	LD   R0,Z+
                 	LD   R1,Z+
                 	LD   R22,Z
                 	MOVW R30,R0
                 	.ENDM
                 
                 	.MACRO __NBST
                 	BST  R@0,@1
                 	IN   R30,SREG
                 	LDI  R31,0x40
                 	EOR  R30,R31
                 	OUT  SREG,R30
                 	.ENDM
                 
                 
                 	.MACRO __PUTB1SN
                 	LDD  R26,Y+@0
                 	LDD  R27,Y+@0+1
                 	SUBI R26,LOW(-@1)
                 	SBCI R27,HIGH(-@1)
                 	ST   X,R30
                 	.ENDM
                 
                 	.MACRO __PUTW1SN
                 	LDD  R26,Y+@0
                 	LDD  R27,Y+@0+1
                 	SUBI R26,LOW(-@1)
                 	SBCI R27,HIGH(-@1)
                 	ST   X+,R30
                 	ST   X,R31
                 	.ENDM
                 
                 	.MACRO __PUTD1SN
                 	LDD  R26,Y+@0
                 	LDD  R27,Y+@0+1
                 	SUBI R26,LOW(-@1)
                 	SBCI R27,HIGH(-@1)
                 	CALL __PUTDP1
                 	.ENDM
                 
                 	.MACRO __PUTB1SNS
                 	LDD  R26,Y+@0
                 	LDD  R27,Y+@0+1
                 	ADIW R26,@1
                 	ST   X,R30
                 	.ENDM
                 
                 	.MACRO __PUTW1SNS
                 	LDD  R26,Y+@0
                 	LDD  R27,Y+@0+1
                 	ADIW R26,@1
                 	ST   X+,R30
                 	ST   X,R31
                 	.ENDM
                 
                 	.MACRO __PUTD1SNS
                 	LDD  R26,Y+@0
                 	LDD  R27,Y+@0+1
                 	ADIW R26,@1
                 	CALL __PUTDP1
                 	.ENDM
                 
                 	.MACRO __PUTB1PMN
                 	LDS  R26,@0
                 	LDS  R27,@0+1
                 	SUBI R26,LOW(-@1)
                 	SBCI R27,HIGH(-@1)
                 	ST   X,R30
                 	.ENDM
                 
                 	.MACRO __PUTW1PMN
                 	LDS  R26,@0
                 	LDS  R27,@0+1
                 	SUBI R26,LOW(-@1)
                 	SBCI R27,HIGH(-@1)
                 	ST   X+,R30
                 	ST   X,R31
                 	.ENDM
                 
                 	.MACRO __PUTD1PMN
                 	LDS  R26,@0
                 	LDS  R27,@0+1
                 	SUBI R26,LOW(-@1)
                 	SBCI R27,HIGH(-@1)
                 	CALL __PUTDP1
                 	.ENDM
                 
                 	.MACRO __PUTB1PMNS
                 	LDS  R26,@0
                 	LDS  R27,@0+1
                 	ADIW R26,@1
                 	ST   X,R30
                 	.ENDM
                 
                 	.MACRO __PUTW1PMNS
                 	LDS  R26,@0
                 	LDS  R27,@0+1
                 	ADIW R26,@1
                 	ST   X+,R30
                 	ST   X,R31
                 	.ENDM
                 
                 	.MACRO __PUTD1PMNS
                 	LDS  R26,@0
                 	LDS  R27,@0+1
                 	ADIW R26,@1
                 	CALL __PUTDP1
                 	.ENDM
                 
                 	.MACRO __PUTB1RN
                 	MOVW R26,R@0
                 	SUBI R26,LOW(-@1)
                 	SBCI R27,HIGH(-@1)
                 	ST   X,R30
                 	.ENDM
                 
                 	.MACRO __PUTW1RN
                 	MOVW R26,R@0
                 	SUBI R26,LOW(-@1)
                 	SBCI R27,HIGH(-@1)
                 	ST   X+,R30
                 	ST   X,R31
                 	.ENDM
                 
                 	.MACRO __PUTD1RN
                 	MOVW R26,R@0
                 	SUBI R26,LOW(-@1)
                 	SBCI R27,HIGH(-@1)
                 	CALL __PUTDP1
                 	.ENDM
                 
                 	.MACRO __PUTB1RNS
                 	MOVW R26,R@0
                 	ADIW R26,@1
                 	ST   X,R30
                 	.ENDM
                 
                 	.MACRO __PUTW1RNS
                 	MOVW R26,R@0
                 	ADIW R26,@1
                 	ST   X+,R30
                 	ST   X,R31
                 	.ENDM
                 
                 	.MACRO __PUTD1RNS
                 	MOVW R26,R@0
                 	ADIW R26,@1
                 	CALL __PUTDP1
                 	.ENDM
                 
                 	.MACRO __PUTB1RON
                 	MOV  R26,R@0
                 	MOV  R27,R@1
                 	SUBI R26,LOW(-@2)
                 	SBCI R27,HIGH(-@2)
                 	ST   X,R30
                 	.ENDM
                 
                 	.MACRO __PUTW1RON
                 	MOV  R26,R@0
                 	MOV  R27,R@1
                 	SUBI R26,LOW(-@2)
                 	SBCI R27,HIGH(-@2)
                 	ST   X+,R30
                 	ST   X,R31
                 	.ENDM
                 
                 	.MACRO __PUTD1RON
                 	MOV  R26,R@0
                 	MOV  R27,R@1
                 	SUBI R26,LOW(-@2)
                 	SBCI R27,HIGH(-@2)
                 	CALL __PUTDP1
                 	.ENDM
                 
                 	.MACRO __PUTB1RONS
                 	MOV  R26,R@0
                 	MOV  R27,R@1
                 	ADIW R26,@2
                 	ST   X,R30
                 	.ENDM
                 
                 	.MACRO __PUTW1RONS
                 	MOV  R26,R@0
                 	MOV  R27,R@1
                 	ADIW R26,@2
                 	ST   X+,R30
                 	ST   X,R31
                 	.ENDM
                 
                 	.MACRO __PUTD1RONS
                 	MOV  R26,R@0
                 	MOV  R27,R@1
                 	ADIW R26,@2
                 	CALL __PUTDP1
                 	.ENDM
                 
                 
                 	.MACRO __GETB1SX
                 	MOVW R30,R28
                 	SUBI R30,LOW(-@0)
                 	SBCI R31,HIGH(-@0)
                 	LD   R30,Z
                 	.ENDM
                 
                 	.MACRO __GETB1HSX
                 	MOVW R30,R28
                 	SUBI R30,LOW(-@0)
                 	SBCI R31,HIGH(-@0)
                 	LD   R31,Z
                 	.ENDM
                 
                 	.MACRO __GETW1SX
                 	MOVW R30,R28
                 	SUBI R30,LOW(-@0)
                 	SBCI R31,HIGH(-@0)
                 	CALL __GETW1Z
                 	.ENDM
                 
                 	.MACRO __GETD1SX
                 	MOVW R30,R28
                 	SUBI R30,LOW(-@0)
                 	SBCI R31,HIGH(-@0)
                 	CALL __GETD1Z
                 	.ENDM
                 
                 	.MACRO __GETB2SX
                 	MOVW R26,R28
                 	SUBI R26,LOW(-@0)
                 	SBCI R27,HIGH(-@0)
                 	LD   R26,X
                 	.ENDM
                 
                 	.MACRO __GETW2SX
                 	MOVW R26,R28
                 	SUBI R26,LOW(-@0)
                 	SBCI R27,HIGH(-@0)
                 	CALL __GETW2X
                 	.ENDM
                 
                 	.MACRO __GETD2SX
                 	MOVW R26,R28
                 	SUBI R26,LOW(-@0)
                 	SBCI R27,HIGH(-@0)
                 	CALL __GETD2X
                 	.ENDM
                 
                 	.MACRO __GETBRSX
                 	MOVW R30,R28
                 	SUBI R30,LOW(-@1)
                 	SBCI R31,HIGH(-@1)
                 	LD   R@0,Z
                 	.ENDM
                 
                 	.MACRO __GETWRSX
                 	MOVW R30,R28
                 	SUBI R30,LOW(-@2)
                 	SBCI R31,HIGH(-@2)
                 	LD   R@0,Z+
                 	LD   R@1,Z
                 	.ENDM
                 
                 	.MACRO __GETBRSX2
                 	MOVW R26,R28
                 	SUBI R26,LOW(-@1)
                 	SBCI R27,HIGH(-@1)
                 	LD   R@0,X
                 	.ENDM
                 
                 	.MACRO __GETWRSX2
                 	MOVW R26,R28
                 	SUBI R26,LOW(-@2)
                 	SBCI R27,HIGH(-@2)
                 	LD   R@0,X+
                 	LD   R@1,X
                 	.ENDM
                 
                 	.MACRO __LSLW8SX
                 	MOVW R30,R28
                 	SUBI R30,LOW(-@0)
                 	SBCI R31,HIGH(-@0)
                 	LD   R31,Z
                 	CLR  R30
                 	.ENDM
                 
                 	.MACRO __PUTB1SX
                 	MOVW R26,R28
                 	SUBI R26,LOW(-@0)
                 	SBCI R27,HIGH(-@0)
                 	ST   X,R30
                 	.ENDM
                 
                 	.MACRO __PUTW1SX
                 	MOVW R26,R28
                 	SUBI R26,LOW(-@0)
                 	SBCI R27,HIGH(-@0)
                 	ST   X+,R30
                 	ST   X,R31
                 	.ENDM
                 
                 	.MACRO __PUTD1SX
                 	MOVW R26,R28
                 	SUBI R26,LOW(-@0)
                 	SBCI R27,HIGH(-@0)
                 	ST   X+,R30
                 	ST   X+,R31
                 	ST   X+,R22
                 	ST   X,R23
                 	.ENDM
                 
                 	.MACRO __CLRW1SX
                 	MOVW R26,R28
                 	SUBI R26,LOW(-@0)
                 	SBCI R27,HIGH(-@0)
                 	ST   X+,R30
                 	ST   X,R30
                 	.ENDM
                 
                 	.MACRO __CLRD1SX
                 	MOVW R26,R28
                 	SUBI R26,LOW(-@0)
                 	SBCI R27,HIGH(-@0)
                 	ST   X+,R30
                 	ST   X+,R30
                 	ST   X+,R30
                 	ST   X,R30
                 	.ENDM
                 
                 	.MACRO __PUTB2SX
                 	MOVW R30,R28
                 	SUBI R30,LOW(-@0)
                 	SBCI R31,HIGH(-@0)
                 	ST   Z,R26
                 	.ENDM
                 
                 	.MACRO __PUTW2SX
                 	MOVW R30,R28
                 	SUBI R30,LOW(-@0)
                 	SBCI R31,HIGH(-@0)
                 	ST   Z+,R26
                 	ST   Z,R27
                 	.ENDM
                 
                 	.MACRO __PUTD2SX
                 	MOVW R30,R28
                 	SUBI R30,LOW(-@0)
                 	SBCI R31,HIGH(-@0)
                 	ST   Z+,R26
                 	ST   Z+,R27
                 	ST   Z+,R24
                 	ST   Z,R25
                 	.ENDM
                 
                 	.MACRO __PUTBSRX
                 	MOVW R30,R28
                 	SUBI R30,LOW(-@1)
                 	SBCI R31,HIGH(-@1)
                 	ST   Z,R@0
                 	.ENDM
                 
                 	.MACRO __PUTWSRX
                 	MOVW R30,R28
                 	SUBI R30,LOW(-@2)
                 	SBCI R31,HIGH(-@2)
                 	ST   Z+,R@0
                 	ST   Z,R@1
                 	.ENDM
                 
                 	.MACRO __PUTB1SNX
                 	MOVW R26,R28
                 	SUBI R26,LOW(-@0)
                 	SBCI R27,HIGH(-@0)
                 	LD   R0,X+
                 	LD   R27,X
                 	MOV  R26,R0
                 	SUBI R26,LOW(-@1)
                 	SBCI R27,HIGH(-@1)
                 	ST   X,R30
                 	.ENDM
                 
                 	.MACRO __PUTW1SNX
                 	MOVW R26,R28
                 	SUBI R26,LOW(-@0)
                 	SBCI R27,HIGH(-@0)
                 	LD   R0,X+
                 	LD   R27,X
                 	MOV  R26,R0
                 	SUBI R26,LOW(-@1)
                 	SBCI R27,HIGH(-@1)
                 	ST   X+,R30
                 	ST   X,R31
                 	.ENDM
                 
                 	.MACRO __PUTD1SNX
                 	MOVW R26,R28
                 	SUBI R26,LOW(-@0)
                 	SBCI R27,HIGH(-@0)
                 	LD   R0,X+
                 	LD   R27,X
                 	MOV  R26,R0
                 	SUBI R26,LOW(-@1)
                 	SBCI R27,HIGH(-@1)
                 	ST   X+,R30
                 	ST   X+,R31
                 	ST   X+,R22
                 	ST   X,R23
                 	.ENDM
                 
                 	.MACRO __MULBRR
                 	MULS R@0,R@1
                 	MOVW R30,R0
                 	.ENDM
                 
                 	.MACRO __MULBRRU
                 	MUL  R@0,R@1
                 	MOVW R30,R0
                 	.ENDM
                 
                 	.MACRO __MULBRR0
                 	MULS R@0,R@1
                 	.ENDM
                 
                 	.MACRO __MULBRRU0
                 	MUL  R@0,R@1
                 	.ENDM
                 
                 	.MACRO __MULBNWRU
                 	LDI  R26,@2
                 	MUL  R26,R@0
                 	MOVW R30,R0
                 	MUL  R26,R@1
                 	ADD  R31,R0
                 	.ENDM
                 
                 ;NAME DEFINITIONS FOR GLOBAL VARIABLES ALLOCATED TO REGISTERS
                 	.DEF _numpasos=R3
                 	.DEF _numpasos_msb=R4
                 	.DEF _prev=R5
                 	.DEF _prev_msb=R6
                 	.DEF _curre=R7
                 	.DEF _curre_msb=R8
                 	.DEF _entry=R9
                 	.DEF _entry_msb=R10
                 	.DEF _i=R11
                 	.DEF _i_msb=R12
                 	.DEF _validation=R13
                 	.DEF _validation_msb=R14
                 
                 ;GPIOR0 INITIALIZATION VALUE
                 	.EQU __GPIOR0_INIT=0x00
                 
                 	.CSEG
                 	.ORG 0x00
                 
                 ;START OF CODE MARKER
                 __START_OF_CODE:
                 
                 ;INTERRUPT VECTORS
000000 940c 003e 	JMP  __RESET
000002 940c 0000 	JMP  0x00
000004 940c 0000 	JMP  0x00
000006 940c 0000 	JMP  0x00
000008 940c 0000 	JMP  0x00
00000a 940c 0000 	JMP  0x00
00000c 940c 0000 	JMP  0x00
00000e 940c 0000 	JMP  0x00
000010 940c 0000 	JMP  0x00
000012 940c 0000 	JMP  0x00
000014 940c 0000 	JMP  0x00
000016 940c 0000 	JMP  0x00
000018 940c 0000 	JMP  0x00
00001a 940c 0000 	JMP  0x00
00001c 940c 0000 	JMP  0x00
00001e 940c 0000 	JMP  0x00
000020 940c 0000 	JMP  0x00
000022 940c 0000 	JMP  0x00
000024 940c 0000 	JMP  0x00
000026 940c 0000 	JMP  0x00
000028 940c 0000 	JMP  0x00
00002a 940c 0000 	JMP  0x00
00002c 940c 0000 	JMP  0x00
00002e 940c 0000 	JMP  0x00
000030 940c 0000 	JMP  0x00
000032 940c 0000 	JMP  0x00
                 
                 ;GLOBAL REGISTER VARIABLES INITIALIZATION
                 __REG_VARS:
000034 0000
000035 0000      	.DB  0x0,0x0,0x0,0x0
000036 0000
000037 0000      	.DB  0x0,0x0,0x0,0x0
000038 0000
000039 0000      	.DB  0x0,0x0,0x0,0x0
                 
                 
                 __GLOBAL_INI_TBL:
00003a 000c      	.DW  0x0C
00003b 0003      	.DW  0x03
00003c 0068      	.DW  __REG_VARS*2
                 
                 _0xFFFFFFFF:
00003d 0000      	.DW  0
                 
                 #define __GLOBAL_INI_TBL_PRESENT 1
                 
                 __RESET:
00003e 94f8      	CLI
00003f 27ee      	CLR  R30
000040 bbef      	OUT  EECR,R30
                 
                 ;INTERRUPT VECTORS ARE PLACED
                 ;AT THE START OF FLASH
000041 e0f1      	LDI  R31,1
000042 bff5      	OUT  MCUCR,R31
000043 bfe5      	OUT  MCUCR,R30
                 
                 ;CLEAR R2-R14
000044 e08d      	LDI  R24,(14-2)+1
000045 e0a2      	LDI  R26,2
000046 27bb      	CLR  R27
                 __CLEAR_REG:
000047 93ed      	ST   X+,R30
000048 958a      	DEC  R24
000049 f7e9      	BRNE __CLEAR_REG
                 
                 ;CLEAR SRAM
00004a e080      	LDI  R24,LOW(__CLEAR_SRAM_SIZE)
00004b e098      	LDI  R25,HIGH(__CLEAR_SRAM_SIZE)
00004c e0a0      	LDI  R26,LOW(__SRAM_START)
00004d e0b1      	LDI  R27,HIGH(__SRAM_START)
                 __CLEAR_SRAM:
00004e 93ed      	ST   X+,R30
00004f 9701      	SBIW R24,1
000050 f7e9      	BRNE __CLEAR_SRAM
                 
                 ;GLOBAL VARIABLES INITIALIZATION
000051 e7e4      	LDI  R30,LOW(__GLOBAL_INI_TBL*2)
000052 e0f0      	LDI  R31,HIGH(__GLOBAL_INI_TBL*2)
                 __GLOBAL_INI_NEXT:
000053 9185      	LPM  R24,Z+
000054 9195      	LPM  R25,Z+
000055 9700      	SBIW R24,0
000056 f061      	BREQ __GLOBAL_INI_END
000057 91a5      	LPM  R26,Z+
000058 91b5      	LPM  R27,Z+
000059 9005      	LPM  R0,Z+
00005a 9015      	LPM  R1,Z+
00005b 01bf      	MOVW R22,R30
00005c 01f0      	MOVW R30,R0
                 __GLOBAL_INI_LOOP:
00005d 9005      	LPM  R0,Z+
00005e 920d      	ST   X+,R0
00005f 9701      	SBIW R24,1
000060 f7e1      	BRNE __GLOBAL_INI_LOOP
000061 01fb      	MOVW R30,R22
000062 cff0      	RJMP __GLOBAL_INI_NEXT
                 __GLOBAL_INI_END:
                 
                 ;GPIOR0 INITIALIZATION
000063 e0e0      	LDI  R30,__GPIOR0_INIT
000064 bbee      	OUT  GPIOR0,R30
                 
                 ;HARDWARE STACK POINTER INITIALIZATION
000065 efef      	LDI  R30,LOW(__SRAM_END-__HEAP_SIZE)
000066 bfed      	OUT  SPL,R30
000067 e0e8      	LDI  R30,HIGH(__SRAM_END-__HEAP_SIZE)
000068 bfee      	OUT  SPH,R30
                 
                 ;DATA STACK POINTER INITIALIZATION
000069 e0c0      	LDI  R28,LOW(__SRAM_START+__DSTACK_SIZE)
00006a e0d3      	LDI  R29,HIGH(__SRAM_START+__DSTACK_SIZE)
                 
00006b 940c 006d 	JMP  _main
                 
                 	.ESEG
                 	.ORG 0x00
                 
                 	.DSEG
                 	.ORG 0x300
                 
                 	.CSEG
                 ;/*
                 ; * ProjectCAD.c
                 ; *
                 ; * Created: 10/03/2020 06:09:42 p. m.
                 ; * Author: ALVARO AND DIEGO
                 ; */
                 ;
                 ;#include <io.h>
                 	#ifndef __SLEEP_DEFINED__
                 	#define __SLEEP_DEFINED__
                 	.EQU __se_bit=0x01
                 	.EQU __sm_mask=0x0E
                 	.EQU __sm_adc_noise_red=0x02
                 	.EQU __sm_powerdown=0x04
                 	.EQU __sm_powersave=0x06
                 	.EQU __sm_standby=0x0C
                 	.EQU __sm_ext_standby=0x0E
                 	.SET power_ctrl_reg=smcr
                 	#endif
                 ;#include <delay.h>
                 ;
                 ;
                 ;
                 ;unsigned int numpasos = 0;
                 ;unsigned int prev     = 0;
                 ;unsigned int curre    = 0;
                 ;unsigned int entry    = 0;
                 ;unsigned int i = 0;
                 ;unsigned int validation = 0;
                 ;
                 ;
                 ;//ENTRADAS
                 ;//PIND.2 PushButton Señal de paso
                 ;//PIND.4 DipSwitch Sentido paso derecho
                 ;//PIND.5 Dipswitch Entrada pulso continuo
                 ;//PIND.6 Dipswitch Bloqueo Sentido Salida
                 ;//PIND.7 Dipswitch Autorización Multipulsos
                 ;//PINC.2 Microswitch Posición Reposo
                 ;//PINC.3 Microswitch Giro Derecho
                 ;//PINC.4 Microswitch Giro Izquierdo
                 ;
                 ;//SALIDAS
                 ;//PINC.5 Bloqueo electroimán (Salida para solenoide)
                 ;
                 ;
                 ;
                 ;void main(void)
                 ; 0000 0025 {
                 
                 	.CSEG
                 _main:
                 ; .FSTART _main
                 ; 0000 0026 
                 ; 0000 0027 DDRD  = 0x00; //DipSwitch entrada y push
00006d e0e0      	LDI  R30,LOW(0)
00006e b9ea      	OUT  0xA,R30
                 ; 0000 0028 PORTD = 0xF4; //Pull up para dipswitches y pushbutton
00006f efe4      	LDI  R30,LOW(244)
000070 b9eb      	OUT  0xB,R30
                 ; 0000 0029 DDRC  = 0x20; //Salida solenoide y microswitches entrada
000071 e2e0      	LDI  R30,LOW(32)
000072 b9e7      	OUT  0x7,R30
                 ; 0000 002A PORTC = 0x1C; //Pull up en microswitches
000073 e1ec      	LDI  R30,LOW(28)
000074 b9e8      	OUT  0x8,R30
                 ; 0000 002B 
                 ; 0000 002C TCNT1H= 0xEC; //Contador 65536 -60653  inicia en 60653 para contar 4883 veces , .001024 segundos por cuenta
000075 d11a      	RCALL SUBOPT_0x0
                 ; 0000 002D TCNT1L= 0xED; //Se pone 60653 dividido en los 8MSB para TCNT1H y los 8LSB para TCNT1L
                 ; 0000 002E 
                 ; 0000 002F 
                 ; 0000 0030 while (1)
                 _0x3:
                 ; 0000 0031     {
                 ; 0000 0032        while (PIND.4 == 0){  // PASO SENTIDO DERECHO
                 _0x6:
000076 994c      	SBIC 0x9,4
000077 c08a      	RJMP _0x8
                 ; 0000 0033         if (PINC.2 != 0){//Microswitch reposo //salio de reposo
000078 9b32      	SBIS 0x6,2
000079 c008      	RJMP _0x9
                 ; 0000 0034                         if(PIND.6 == 0){//Bloqueo de salida activado o también el de entrada
00007a 994e      	SBIC 0x9,6
00007b c002      	RJMP _0xA
                 ; 0000 0035                               PORTC.5 = 1; //Activa martillo
00007c d11a      	RCALL SUBOPT_0x1
                 ; 0000 0036                               delay_ms (200);
                 ; 0000 0037                               PORTC.5 = 0; //Desactiva martillo
                 ; 0000 0038                         }
                 ; 0000 0039                         else{
00007d c004      	RJMP _0xF
                 _0xA:
                 ; 0000 003A                                while(PINC.3 == 0){//Mientras esté intentando entrar activa martillo
                 _0x10:
00007e 9933      	SBIC 0x6,3
00007f c002      	RJMP _0x12
                 ; 0000 003B                                     PORTC.5 = 1; //Activa martillo
000080 d116      	RCALL SUBOPT_0x1
                 ; 0000 003C                                     delay_ms (200);
                 ; 0000 003D                                     PORTC.5 = 0; //Desactiva martillo
                 ; 0000 003E                                }
000081 cffc      	RJMP _0x10
                 _0x12:
                 ; 0000 003F 
                 ; 0000 0040                         }
                 _0xF:
                 ; 0000 0041                     }
                 ; 0000 0042                while(PIND.5 == 1 && PIND.4 == 0){//Pulso continuo no activo
                 _0x9:
                 _0x17:
000082 9b4d      	SBIS 0x9,5
000083 c002      	RJMP _0x1A
000084 9b4c      	SBIS 0x9,4
000085 c001      	RJMP _0x1B
                 _0x1A:
000086 c076      	RJMP _0x19
                 _0x1B:
                 ; 0000 0043                     if (PINC.2 != 0){//Microswitch reposo salio de reposo
000087 9b32      	SBIS 0x6,2
000088 c008      	RJMP _0x1C
                 ; 0000 0044                         if(PIND.6 == 0){//Bloqueo de salida activado o también el de entrada
000089 994e      	SBIC 0x9,6
00008a c002      	RJMP _0x1D
                 ; 0000 0045                               PORTC.5 = 1; //Activa martillo
00008b d10b      	RCALL SUBOPT_0x1
                 ; 0000 0046                               delay_ms (200);
                 ; 0000 0047                               PORTC.5 = 0; //Desactiva martillo
                 ; 0000 0048                         }
                 ; 0000 0049                         else{
00008c c004      	RJMP _0x22
                 _0x1D:
                 ; 0000 004A                                while(PINC.3 == 0){//Mientras esté intentando entrar activa martillo
                 _0x23:
00008d 9933      	SBIC 0x6,3
00008e c002      	RJMP _0x25
                 ; 0000 004B                                     PORTC.5 = 1; //Activa martillo
00008f d107      	RCALL SUBOPT_0x1
                 ; 0000 004C                                     delay_ms (200);
                 ; 0000 004D                                     PORTC.5 = 0; //Desactiva martillo
                 ; 0000 004E                                }
000090 cffc      	RJMP _0x23
                 _0x25:
                 ; 0000 004F 
                 ; 0000 0050                         }
                 _0x22:
                 ; 0000 0051                     }
                 ; 0000 0052                      if (PIND.7 == 0){//MODO MULTIPULSO
                 _0x1C:
000091 994f      	SBIC 0x9,7
000092 c043      	RJMP _0x2A
                 ; 0000 0053 
                 ; 0000 0054                         if(PIND.2 == 1)
000093 994a      	SBIC 0x9,2
                 ; 0000 0055                            validation = 1;
000094 d108      	RCALL SUBOPT_0x2
                 ; 0000 0056                         if(PIND.2 == 0 && validation == 1){ // Señal de paso
000095 994a      	SBIC 0x9,2
000096 c002      	RJMP _0x2D
000097 d10a      	RCALL SUBOPT_0x3
000098 f009      	BREQ _0x2E
                 _0x2D:
000099 c03b      	RJMP _0x2C
                 _0x2E:
                 ; 0000 0057                            validation = 0;
00009a d10c      	RCALL SUBOPT_0x4
                 ; 0000 0058                            numpasos++;
                 ; 0000 0059 
                 ; 0000 005A 
                 ; 0000 005B                           //DEFINICION DE RELOJ a 5s
                 ; 0000 005C                            TCCR1B= 0x05; //Enciende timer 1 en modo normal con prescalador CK/1024
00009b e0e5      	LDI  R30,LOW(5)
00009c 93e0 0081 	STS  129,R30
                 ; 0000 005D 
                 ; 0000 005E                            while(TIFR1.TOV1==0){ //Mientras la bandera de overflow no sea 1
                 _0x2F:
00009e 99b0      	SBIC 0x16,0
00009f c00d      	RJMP _0x31
                 ; 0000 005F 
                 ; 0000 0060                              if(numpasos == 5)
0000a0 d10d      	RCALL SUBOPT_0x5
0000a1 f059      	BREQ _0x31
                 ; 0000 0061                                 break;
                 ; 0000 0062 
                 ; 0000 0063 
                 ; 0000 0064                              if(PIND.2 == 1) // Señal de paso
0000a2 994a      	SBIC 0x9,2
                 ; 0000 0065                                 validation = 1;
0000a3 d0f9      	RCALL SUBOPT_0x2
                 ; 0000 0066                              if(PIND.2 == 0 && validation == 1){ // Señal de paso
0000a4 994a      	SBIC 0x9,2
0000a5 c002      	RJMP _0x35
0000a6 d0fb      	RCALL SUBOPT_0x3
0000a7 f009      	BREQ _0x36
                 _0x35:
0000a8 c003      	RJMP _0x34
                 _0x36:
                 ; 0000 0067                                validation = 0;
0000a9 d0fd      	RCALL SUBOPT_0x4
                 ; 0000 0068                                numpasos++;
                 ; 0000 0069                                TIFR1.TOV1=1;//Resetea la bandera de overflow
0000aa 9ab0      	SBI  0x16,0
                 ; 0000 006A                                TCNT1H= 0xEC; //Contador 65536 -60653  inicia en 60653 para contar 4883 veces , .001024 s ...
0000ab d0e4      	RCALL SUBOPT_0x0
                 ; 0000 006B                                TCNT1L= 0xED; //Se pone 60653 dividido en los 8MSB para TCNT1H y los 8LSB para TCNT1L
                 ; 0000 006C                              }
                 ; 0000 006D                            }
                 _0x34:
0000ac cff1      	RJMP _0x2F
                 _0x31:
                 ; 0000 006E                            TCCR1B=0;       //Apagar timer
0000ad d105      	RCALL SUBOPT_0x6
                 ; 0000 006F 
                 ; 0000 0070                            for (i=0;i<numpasos;i++){
                 _0x3A:
                +
0000ae 14b3     +CP R11 , R3
0000af 04c4     +CPC R12 , R4
                 	__CPWRR 11,12,3,4
0000b0 f518      	BRSH _0x3B
                 ; 0000 0071                                  TIFR1.TOV1=1;//Resetea la bandera de overflow
0000b1 d107      	RCALL SUBOPT_0x7
                 ; 0000 0072                                  TCCR1B= 0x05; //Enciende timer 1 en modo normal con prescalador CK/1024
                 ; 0000 0073                                  TCNT1H= 0xD9; //Contador 65536 - 55769 inicia en 55769 para contar 9767 veces , .001024 ...
                 ; 0000 0074                                  TCNT1L= 0xD9; //Se pone 55769 dividido en los 8MSB para TCNT1H y los 8LSB para TCNT1L
                 ; 0000 0075                                 //TIENE 10 s para pasar
                 ; 0000 0076                                 while(TIFR1.TOV1==0){//mientras la bandera de overflow no sea 1
                 _0x3E:
0000b2 99b0      	SBIC 0x16,0
0000b3 c01b      	RJMP _0x40
                 ; 0000 0077                                     if(PINC.2 == 1 && PINC.4 == 0 && prev == 0){ // Para evitar que haga sentido opuesto
0000b4 9b32      	SBIS 0x6,2
0000b5 c006      	RJMP _0x42
0000b6 9934      	SBIC 0x6,4
0000b7 c004      	RJMP _0x42
0000b8 2400      	CLR  R0
0000b9 1405      	CP   R0,R5
0000ba 0406      	CPC  R0,R6
0000bb f009      	BREQ _0x43
                 _0x42:
0000bc c004      	RJMP _0x41
                 _0x43:
                 ; 0000 0078                                        while(PINC.4 == 0){//Mientras esté intentando entrar activa martillo
                 _0x44:
0000bd 9934      	SBIC 0x6,4
0000be c002      	RJMP _0x46
                 ; 0000 0079                                             PORTC.5 = 1; //Activa martillo
0000bf d0d7      	RCALL SUBOPT_0x1
                 ; 0000 007A                                             delay_ms (200);
                 ; 0000 007B                                             PORTC.5 = 0; //Desactiva martillo
                 ; 0000 007C                                        }
0000c0 cffc      	RJMP _0x44
                 _0x46:
                 ; 0000 007D                                     }
                 ; 0000 007E                                     if(PINC.3 == 0)
                 _0x41:
0000c1 9b33      	SBIS 0x6,3
                 ; 0000 007F                                         prev  = 1;
0000c2 d100      	RCALL SUBOPT_0x8
                 ; 0000 0080 
                 ; 0000 0081                                     if(PINC.4 == 0)
0000c3 9b34      	SBIS 0x6,4
                 ; 0000 0082                                         curre = 1;
0000c4 d103      	RCALL SUBOPT_0x9
                 ; 0000 0083 
                 ; 0000 0084                                     if(prev == 1 && curre == 1 && PINC.2 == 0){
0000c5 d107      	RCALL SUBOPT_0xA
0000c6 f421      	BRNE _0x4E
0000c7 d10a      	RCALL SUBOPT_0xB
0000c8 f411      	BRNE _0x4E
0000c9 9b32      	SBIS 0x6,2
0000ca c001      	RJMP _0x4F
                 _0x4E:
0000cb c002      	RJMP _0x4D
                 _0x4F:
                 ; 0000 0085                                         entry=1;
0000cc d10a      	RCALL SUBOPT_0xC
                 ; 0000 0086                                         prev = 0;
                 ; 0000 0087                                         curre = 0;
                 ; 0000 0088                                         break;
0000cd c001      	RJMP _0x40
                 ; 0000 0089                                     }
                 ; 0000 008A                                 }
                 _0x4D:
0000ce cfe3      	RJMP _0x3E
                 _0x40:
                 ; 0000 008B 
                 ; 0000 008C                                 if(entry == 0){ //Checa la bandera de si el usuario pasó
0000cf 2c09      	MOV  R0,R9
0000d0 280a      	OR   R0,R10
0000d1 f011      	BREQ _0x3B
                 ; 0000 008D                                     break;
                 ; 0000 008E                                 }
                 ; 0000 008F                            }
0000d2 d10d      	RCALL SUBOPT_0xD
0000d3 cfda      	RJMP _0x3A
                 _0x3B:
                 ; 0000 0090                            TCCR1B=0;       //Apagar timer
0000d4 d110      	RCALL SUBOPT_0xE
                 ; 0000 0091                            numpasos=0;
                 ; 0000 0092                          }
                 ; 0000 0093                        }
                 _0x2C:
                 ; 0000 0094                     else{
0000d5 c026      	RJMP _0x51
                 _0x2A:
                 ; 0000 0095                          if(PIND.2 == 1)
0000d6 994a      	SBIC 0x9,2
                 ; 0000 0096                            validation = 1;
0000d7 d0c5      	RCALL SUBOPT_0x2
                 ; 0000 0097                          if(PIND.2 == 0 && validation == 1){ // Señal de paso
0000d8 994a      	SBIC 0x9,2
0000d9 c002      	RJMP _0x54
0000da d0c7      	RCALL SUBOPT_0x3
0000db f009      	BREQ _0x55
                 _0x54:
0000dc c01f      	RJMP _0x53
                 _0x55:
                 ; 0000 0098                            validation = 0;
0000dd d10d      	RCALL SUBOPT_0xF
                 ; 0000 0099                            numpasos = 1;
                 ; 0000 009A 
                 ; 0000 009B                              TIFR1.TOV1=1;//Resetea la bandera de overflow
                 ; 0000 009C                              TCCR1B= 0x05; //Enciende timer 1 en modo normal con prescalador CK/1024
                 ; 0000 009D                              TCNT1H= 0xD9; //Contador 65536 - 55769 inicia en 55769 para contar 9767 veces , .001024 seg ...
                 ; 0000 009E                              TCNT1L= 0xD9; //Se pone 55769 dividido en los 8MSB para TCNT1H y los 8LSB para TCNT1L
                 ; 0000 009F                             //TIENE 10 s para pasar
                 ; 0000 00A0                              while(TIFR1.TOV1==0){//mientras la bandera de overflow no sea 1
                 _0x58:
0000de 99b0      	SBIC 0x16,0
0000df c01b      	RJMP _0x5A
                 ; 0000 00A1                                 if(PINC.2 == 1 && PINC.4 == 0 && prev == 0){ // Para evitar que haga sentido opuesto
0000e0 9b32      	SBIS 0x6,2
0000e1 c006      	RJMP _0x5C
0000e2 9934      	SBIC 0x6,4
0000e3 c004      	RJMP _0x5C
0000e4 2400      	CLR  R0
0000e5 1405      	CP   R0,R5
0000e6 0406      	CPC  R0,R6
0000e7 f009      	BREQ _0x5D
                 _0x5C:
0000e8 c004      	RJMP _0x5B
                 _0x5D:
                 ; 0000 00A2                                    while(PINC.4 == 0){//Mientras esté intentando entrar activa martillo
                 _0x5E:
0000e9 9934      	SBIC 0x6,4
0000ea c002      	RJMP _0x60
                 ; 0000 00A3                                         PORTC.5 = 1; //Activa martillo
0000eb d0ab      	RCALL SUBOPT_0x1
                 ; 0000 00A4                                         delay_ms (200);
                 ; 0000 00A5                                         PORTC.5 = 0; //Desactiva martillo
                 ; 0000 00A6                                    }
0000ec cffc      	RJMP _0x5E
                 _0x60:
                 ; 0000 00A7                                 }
                 ; 0000 00A8 
                 ; 0000 00A9                                 if(PINC.3 == 0)
                 _0x5B:
0000ed 9b33      	SBIS 0x6,3
                 ; 0000 00AA                                     prev  = 1;
0000ee d0d4      	RCALL SUBOPT_0x8
                 ; 0000 00AB 
                 ; 0000 00AC                                 if(PINC.4 == 0)
0000ef 9b34      	SBIS 0x6,4
                 ; 0000 00AD                                     curre = 1;
0000f0 d0d7      	RCALL SUBOPT_0x9
                 ; 0000 00AE 
                 ; 0000 00AF                                 if(prev == 1 && curre == 1 && PINC.2 == 0){
0000f1 d0db      	RCALL SUBOPT_0xA
0000f2 f421      	BRNE _0x68
0000f3 d0de      	RCALL SUBOPT_0xB
0000f4 f411      	BRNE _0x68
0000f5 9b32      	SBIS 0x6,2
0000f6 c001      	RJMP _0x69
                 _0x68:
0000f7 c002      	RJMP _0x67
                 _0x69:
                 ; 0000 00B0                                     entry=1;
0000f8 d0de      	RCALL SUBOPT_0xC
                 ; 0000 00B1                                     prev = 0;
                 ; 0000 00B2                                     curre = 0;
                 ; 0000 00B3                                     break;
0000f9 c001      	RJMP _0x5A
                 ; 0000 00B4                                 }
                 ; 0000 00B5                             }
                 _0x67:
0000fa cfe3      	RJMP _0x58
                 _0x5A:
                 ; 0000 00B6                            TCCR1B=0;       //Apagar timer
0000fb d0e9      	RCALL SUBOPT_0xE
                 ; 0000 00B7                            numpasos=0;
                 ; 0000 00B8                         }
                 ; 0000 00B9                     }
                 _0x53:
                 _0x51:
                 ; 0000 00BA 
                 ; 0000 00BB                }
0000fc cf85      	RJMP _0x17
                 _0x19:
                 ; 0000 00BC               while (PIND.2==0){ //Mientras señal de pulso activada
                 _0x6A:
0000fd 994a      	SBIC 0x9,2
0000fe c002      	RJMP _0x6C
                 ; 0000 00BD                     PORTC.5 = 0; //Martillo desactivado
0000ff 9845      	CBI  0x8,5
                 ; 0000 00BE               }
000100 cffc      	RJMP _0x6A
                 _0x6C:
                 ; 0000 00BF 
                 ; 0000 00C0         }
000101 cf74      	RJMP _0x6
                 _0x8:
                 ; 0000 00C1 
                 ; 0000 00C2        while (PIND.4 == 1){ //PASO SENTIDO IZQUIERDO
                 _0x6F:
000102 9b4c      	SBIS 0x9,4
000103 c08a      	RJMP _0x71
                 ; 0000 00C3          if (PINC.2 != 0){//Microswitch reposo //salio de reposo
000104 9b32      	SBIS 0x6,2
000105 c008      	RJMP _0x72
                 ; 0000 00C4                         if(PIND.6 == 0){//Bloqueo de salida activado o también el de entrada
000106 994e      	SBIC 0x9,6
000107 c002      	RJMP _0x73
                 ; 0000 00C5                               PORTC.5 = 1; //Activa martillo
000108 d08e      	RCALL SUBOPT_0x1
                 ; 0000 00C6                               delay_ms (200);
                 ; 0000 00C7                               PORTC.5 = 0; //Desactiva martillo
                 ; 0000 00C8                         }
                 ; 0000 00C9                         else{
000109 c004      	RJMP _0x78
                 _0x73:
                 ; 0000 00CA                                while(PINC.4 == 0){//Mientras esté intentando entrar activa martillo
                 _0x79:
00010a 9934      	SBIC 0x6,4
00010b c002      	RJMP _0x7B
                 ; 0000 00CB                                     PORTC.5 = 1; //Activa martillo
00010c d08a      	RCALL SUBOPT_0x1
                 ; 0000 00CC                                     delay_ms (200);
                 ; 0000 00CD                                     PORTC.5 = 0; //Desactiva martillo
                 ; 0000 00CE                                }
00010d cffc      	RJMP _0x79
                 _0x7B:
                 ; 0000 00CF 
                 ; 0000 00D0                         }
                 _0x78:
                 ; 0000 00D1                     }
                 ; 0000 00D2                while(PIND.5 == 1 && PIND.4 == 1){//Pulso continuo no activo
                 _0x72:
                 _0x80:
00010e 9b4d      	SBIS 0x9,5
00010f c002      	RJMP _0x83
000110 994c      	SBIC 0x9,4
000111 c001      	RJMP _0x84
                 _0x83:
000112 c076      	RJMP _0x82
                 _0x84:
                 ; 0000 00D3                     if (PINC.2 != 0){//Microswitch reposo salio de reposo
000113 9b32      	SBIS 0x6,2
000114 c008      	RJMP _0x85
                 ; 0000 00D4                         if(PIND.6 == 0){//Bloqueo de salida activado o también el de entrada
000115 994e      	SBIC 0x9,6
000116 c002      	RJMP _0x86
                 ; 0000 00D5                               PORTC.5 = 1; //Activa martillo
000117 d07f      	RCALL SUBOPT_0x1
                 ; 0000 00D6                               delay_ms (200);
                 ; 0000 00D7                               PORTC.5 = 0; //Desactiva martillo
                 ; 0000 00D8                         }
                 ; 0000 00D9                         else{
000118 c004      	RJMP _0x8B
                 _0x86:
                 ; 0000 00DA                                while(PINC.4 == 0){//Mientras esté intentando entrar activa martillo
                 _0x8C:
000119 9934      	SBIC 0x6,4
00011a c002      	RJMP _0x8E
                 ; 0000 00DB                                     PORTC.5 = 1; //Activa martillo
00011b d07b      	RCALL SUBOPT_0x1
                 ; 0000 00DC                                     delay_ms (200);
                 ; 0000 00DD                                     PORTC.5 = 0; //Desactiva martillo
                 ; 0000 00DE                                }
00011c cffc      	RJMP _0x8C
                 _0x8E:
                 ; 0000 00DF 
                 ; 0000 00E0                         }
                 _0x8B:
                 ; 0000 00E1                     }
                 ; 0000 00E2                      if (PIND.7 == 0){//MODO MULTIPULSO
                 _0x85:
00011d 994f      	SBIC 0x9,7
00011e c043      	RJMP _0x93
                 ; 0000 00E3 
                 ; 0000 00E4                         if(PIND.2 == 1)
00011f 994a      	SBIC 0x9,2
                 ; 0000 00E5                            validation = 1;
000120 d07c      	RCALL SUBOPT_0x2
                 ; 0000 00E6                         if(PIND.2 == 0 && validation == 1){ // Señal de paso
000121 994a      	SBIC 0x9,2
000122 c002      	RJMP _0x96
000123 d07e      	RCALL SUBOPT_0x3
000124 f009      	BREQ _0x97
                 _0x96:
000125 c03b      	RJMP _0x95
                 _0x97:
                 ; 0000 00E7                            validation = 0;
000126 d080      	RCALL SUBOPT_0x4
                 ; 0000 00E8                            numpasos++;
                 ; 0000 00E9 
                 ; 0000 00EA                           //DEFINICION DE RELOJ a 5s
                 ; 0000 00EB                            TCCR1B= 0x05; //Enciende timer 1 en modo normal con prescalador CK/1024
000127 e0e5      	LDI  R30,LOW(5)
000128 93e0 0081 	STS  129,R30
                 ; 0000 00EC 
                 ; 0000 00ED                            while(TIFR1.TOV1==0){ //Mientras la bandera de overflow no sea 1
                 _0x98:
00012a 99b0      	SBIC 0x16,0
00012b c00d      	RJMP _0x9A
                 ; 0000 00EE                              if(PIND.2 == 1) // Señal de paso
00012c 994a      	SBIC 0x9,2
                 ; 0000 00EF                                 validation = 1;
00012d d06f      	RCALL SUBOPT_0x2
                 ; 0000 00F0 
                 ; 0000 00F1                              if(numpasos == 5)
00012e d07f      	RCALL SUBOPT_0x5
00012f f049      	BREQ _0x9A
                 ; 0000 00F2                                 break;
                 ; 0000 00F3 
                 ; 0000 00F4                              if(PIND.2 == 0 && validation == 1){ // Señal de paso
000130 994a      	SBIC 0x9,2
000131 c002      	RJMP _0x9E
000132 d06f      	RCALL SUBOPT_0x3
000133 f009      	BREQ _0x9F
                 _0x9E:
000134 c003      	RJMP _0x9D
                 _0x9F:
                 ; 0000 00F5                                validation = 0;
000135 d071      	RCALL SUBOPT_0x4
                 ; 0000 00F6                                numpasos++;
                 ; 0000 00F7                                TIFR1.TOV1=1;//Resetea la bandera de overflow
000136 9ab0      	SBI  0x16,0
                 ; 0000 00F8                                TCNT1H= 0xEC; //Contador 65536 -60653  inicia en 60653 para contar 4883 veces , .001024 s ...
000137 d058      	RCALL SUBOPT_0x0
                 ; 0000 00F9                                TCNT1L= 0xED; //Se pone 60653 dividido en los 8MSB para TCNT1H y los 8LSB para TCNT1L
                 ; 0000 00FA                              }
                 ; 0000 00FB                            }
                 _0x9D:
000138 cff1      	RJMP _0x98
                 _0x9A:
                 ; 0000 00FC                            TCCR1B=0;       //Apagar timer
000139 d079      	RCALL SUBOPT_0x6
                 ; 0000 00FD 
                 ; 0000 00FE                            for (i=0;i<numpasos;i++){
                 _0xA3:
                +
00013a 14b3     +CP R11 , R3
00013b 04c4     +CPC R12 , R4
                 	__CPWRR 11,12,3,4
00013c f518      	BRSH _0xA4
                 ; 0000 00FF                                  TIFR1.TOV1=1;//Resetea la bandera de overflow
00013d d07b      	RCALL SUBOPT_0x7
                 ; 0000 0100                                  TCCR1B= 0x05; //Enciende timer 1 en modo normal con prescalador CK/1024
                 ; 0000 0101                                  TCNT1H= 0xD9; //Contador 65536 - 55769 inicia en 55769 para contar 9767 veces , .001024 ...
                 ; 0000 0102                                  TCNT1L= 0xD9; //Se pone 55769 dividido en los 8MSB para TCNT1H y los 8LSB para TCNT1L
                 ; 0000 0103                                 //TIENE 10 s para pasar
                 ; 0000 0104                                 while(TIFR1.TOV1==0){//mientras la bandera de overflow no sea 1
                 _0xA7:
00013e 99b0      	SBIC 0x16,0
00013f c01b      	RJMP _0xA9
                 ; 0000 0105                                     if(PINC.2 == 1 && PINC.3 == 0 && prev == 0){ // Para evitar que haga sentido opuesto
000140 9b32      	SBIS 0x6,2
000141 c006      	RJMP _0xAB
000142 9933      	SBIC 0x6,3
000143 c004      	RJMP _0xAB
000144 2400      	CLR  R0
000145 1405      	CP   R0,R5
000146 0406      	CPC  R0,R6
000147 f009      	BREQ _0xAC
                 _0xAB:
000148 c004      	RJMP _0xAA
                 _0xAC:
                 ; 0000 0106                                        while(PINC.3 == 0){//Mientras esté intentando entrar activa martillo
                 _0xAD:
000149 9933      	SBIC 0x6,3
00014a c002      	RJMP _0xAF
                 ; 0000 0107                                             PORTC.5 = 1; //Activa martillo
00014b d04b      	RCALL SUBOPT_0x1
                 ; 0000 0108                                             delay_ms (200);
                 ; 0000 0109                                             PORTC.5 = 0; //Desactiva martillo
                 ; 0000 010A                                        }
00014c cffc      	RJMP _0xAD
                 _0xAF:
                 ; 0000 010B                                     }
                 ; 0000 010C 
                 ; 0000 010D                                     if(PINC.4 == 0)
                 _0xAA:
00014d 9b34      	SBIS 0x6,4
                 ; 0000 010E                                         prev  = 1;
00014e d074      	RCALL SUBOPT_0x8
                 ; 0000 010F 
                 ; 0000 0110                                     if(PINC.3 == 0)
00014f 9b33      	SBIS 0x6,3
                 ; 0000 0111                                         curre = 1;
000150 d077      	RCALL SUBOPT_0x9
                 ; 0000 0112 
                 ; 0000 0113                                     if(prev == 1 && curre == 1 && PINC.2 == 0){
000151 d07b      	RCALL SUBOPT_0xA
000152 f421      	BRNE _0xB7
000153 d07e      	RCALL SUBOPT_0xB
000154 f411      	BRNE _0xB7
000155 9b32      	SBIS 0x6,2
000156 c001      	RJMP _0xB8
                 _0xB7:
000157 c002      	RJMP _0xB6
                 _0xB8:
                 ; 0000 0114                                        entry=1;
000158 d07e      	RCALL SUBOPT_0xC
                 ; 0000 0115                                        prev = 0;
                 ; 0000 0116                                        curre = 0;
                 ; 0000 0117                                        break;
000159 c001      	RJMP _0xA9
                 ; 0000 0118                                     }
                 ; 0000 0119                                 }
                 _0xB6:
00015a cfe3      	RJMP _0xA7
                 _0xA9:
                 ; 0000 011A 
                 ; 0000 011B                                 if(entry == 0){ //Checa la bandera de si el usuario pasó
00015b 2c09      	MOV  R0,R9
00015c 280a      	OR   R0,R10
00015d f011      	BREQ _0xA4
                 ; 0000 011C                                     break;
                 ; 0000 011D                                 }
                 ; 0000 011E                            }
00015e d081      	RCALL SUBOPT_0xD
00015f cfda      	RJMP _0xA3
                 _0xA4:
                 ; 0000 011F                            TCCR1B=0;       //Apagar timer
000160 d084      	RCALL SUBOPT_0xE
                 ; 0000 0120                            numpasos=0;
                 ; 0000 0121                          }
                 ; 0000 0122                        }
                 _0x95:
                 ; 0000 0123                     else{
000161 c026      	RJMP _0xBA
                 _0x93:
                 ; 0000 0124                          if(PIND.2 == 1)
000162 994a      	SBIC 0x9,2
                 ; 0000 0125                            validation = 1;
000163 d039      	RCALL SUBOPT_0x2
                 ; 0000 0126                          if(PIND.2 == 0 && validation == 1){ // Señal de paso
000164 994a      	SBIC 0x9,2
000165 c002      	RJMP _0xBD
000166 d03b      	RCALL SUBOPT_0x3
000167 f009      	BREQ _0xBE
                 _0xBD:
000168 c01f      	RJMP _0xBC
                 _0xBE:
                 ; 0000 0127                            validation = 0;
000169 d081      	RCALL SUBOPT_0xF
                 ; 0000 0128                            numpasos = 1;
                 ; 0000 0129 
                 ; 0000 012A                              TIFR1.TOV1=1;//Resetea la bandera de overflow
                 ; 0000 012B                              TCCR1B= 0x05; //Enciende timer 1 en modo normal con prescalador CK/1024
                 ; 0000 012C                              TCNT1H= 0xD9; //Contador 65536 - 55769 inicia en 55769 para contar 9767 veces , .001024 seg ...
                 ; 0000 012D                              TCNT1L= 0xD9; //Se pone 55769 dividido en los 8MSB para TCNT1H y los 8LSB para TCNT1L
                 ; 0000 012E                             //TIENE 10 s para pasar
                 ; 0000 012F                              while(TIFR1.TOV1==0){//mientras la bandera de overflow no sea 1
                 _0xC1:
00016a 99b0      	SBIC 0x16,0
00016b c01b      	RJMP _0xC3
                 ; 0000 0130                                 if(PINC.2 == 1 && PINC.3 == 0 && prev == 0){ // Para evitar que haga sentido opuesto
00016c 9b32      	SBIS 0x6,2
00016d c006      	RJMP _0xC5
00016e 9933      	SBIC 0x6,3
00016f c004      	RJMP _0xC5
000170 2400      	CLR  R0
000171 1405      	CP   R0,R5
000172 0406      	CPC  R0,R6
000173 f009      	BREQ _0xC6
                 _0xC5:
000174 c004      	RJMP _0xC4
                 _0xC6:
                 ; 0000 0131                                    while(PINC.3 == 0){//Mientras esté intentando entrar activa martillo
                 _0xC7:
000175 9933      	SBIC 0x6,3
000176 c002      	RJMP _0xC9
                 ; 0000 0132                                         PORTC.5 = 1; //Activa martillo
000177 d01f      	RCALL SUBOPT_0x1
                 ; 0000 0133                                         delay_ms (200);
                 ; 0000 0134                                         PORTC.5 = 0; //Desactiva martillo
                 ; 0000 0135                                    }
000178 cffc      	RJMP _0xC7
                 _0xC9:
                 ; 0000 0136                                 }
                 ; 0000 0137 
                 ; 0000 0138                                 if(PINC.4 == 0)
                 _0xC4:
000179 9b34      	SBIS 0x6,4
                 ; 0000 0139                                     prev  = 1;
00017a d048      	RCALL SUBOPT_0x8
                 ; 0000 013A 
                 ; 0000 013B                                 if(PINC.3 == 0)
00017b 9b33      	SBIS 0x6,3
                 ; 0000 013C                                     curre = 1;
00017c d04b      	RCALL SUBOPT_0x9
                 ; 0000 013D 
                 ; 0000 013E 
                 ; 0000 013F                                 if(prev == 1 && curre == 1 && PINC.2 == 0){
00017d d04f      	RCALL SUBOPT_0xA
00017e f421      	BRNE _0xD1
00017f d052      	RCALL SUBOPT_0xB
000180 f411      	BRNE _0xD1
000181 9b32      	SBIS 0x6,2
000182 c001      	RJMP _0xD2
                 _0xD1:
000183 c002      	RJMP _0xD0
                 _0xD2:
                 ; 0000 0140                                    entry=1;
000184 d052      	RCALL SUBOPT_0xC
                 ; 0000 0141                                    prev = 0;
                 ; 0000 0142                                    curre = 0;
                 ; 0000 0143                                    break;
000185 c001      	RJMP _0xC3
                 ; 0000 0144                                 }
                 ; 0000 0145                             }
                 _0xD0:
000186 cfe3      	RJMP _0xC1
                 _0xC3:
                 ; 0000 0146                            TCCR1B=0;       //Apagar timer
000187 d05d      	RCALL SUBOPT_0xE
                 ; 0000 0147                            numpasos=0;
                 ; 0000 0148                         }
                 ; 0000 0149                     }
                 _0xBC:
                 _0xBA:
                 ; 0000 014A 
                 ; 0000 014B                }
000188 cf85      	RJMP _0x80
                 _0x82:
                 ; 0000 014C               while (PIND.2==0){ //Mientras señal de pulso activada
                 _0xD3:
000189 994a      	SBIC 0x9,2
00018a c002      	RJMP _0xD5
                 ; 0000 014D                     PORTC.5 = 0; //Martillo desactivado
00018b 9845      	CBI  0x8,5
                 ; 0000 014E               }
00018c cffc      	RJMP _0xD3
                 _0xD5:
                 ; 0000 014F 
                 ; 0000 0150         }
00018d cf74      	RJMP _0x6F
                 _0x71:
                 ; 0000 0151    }
00018e cee7      	RJMP _0x3
                 ; 0000 0152 }
                 _0xD8:
00018f cfff      	RJMP _0xD8
                 ; .FEND
                 ;
                 
                 	.CSEG
                 ;OPTIMIZER ADDED SUBROUTINE, CALLED 3 TIMES, CODE SIZE REDUCTION:8 WORDS
                 SUBOPT_0x0:
000190 eeec      	LDI  R30,LOW(236)
000191 93e0 0085 	STS  133,R30
000193 eeed      	LDI  R30,LOW(237)
000194 93e0 0084 	STS  132,R30
000196 9508      	RET
                 
                 ;OPTIMIZER ADDED SUBROUTINE, CALLED 12 TIMES, CODE SIZE REDUCTION:42 WORDS
                 SUBOPT_0x1:
000197 9a45      	SBI  0x8,5
000198 eca8      	LDI  R26,LOW(200)
000199 e0b0      	LDI  R27,0
00019a d057      	RCALL _delay_ms
00019b 9845      	CBI  0x8,5
00019c 9508      	RET
                 
                 ;OPTIMIZER ADDED SUBROUTINE, CALLED 6 TIMES, CODE SIZE REDUCTION:13 WORDS
                 SUBOPT_0x2:
00019d e0e1      	LDI  R30,LOW(1)
00019e e0f0      	LDI  R31,HIGH(1)
                +
00019f 2ede     +MOV R13 , R30
0001a0 2eef     +MOV R14 , R31
                 	__PUTW1R 13,14
0001a1 9508      	RET
                 
                 ;OPTIMIZER ADDED SUBROUTINE, CALLED 6 TIMES, CODE SIZE REDUCTION:13 WORDS
                 SUBOPT_0x3:
0001a2 e0e1      	LDI  R30,LOW(1)
0001a3 e0f0      	LDI  R31,HIGH(1)
0001a4 15ed      	CP   R30,R13
0001a5 05fe      	CPC  R31,R14
0001a6 9508      	RET
                 
                 ;OPTIMIZER ADDED SUBROUTINE, CALLED 4 TIMES, CODE SIZE REDUCTION:13 WORDS
                 SUBOPT_0x4:
0001a7 24dd      	CLR  R13
0001a8 24ee      	CLR  R14
0001a9 e0e1      	LDI  R30,LOW(1)
0001aa e0f0      	LDI  R31,HIGH(1)
                +
0001ab 0e3e     +ADD R3 , R30
0001ac 1e4f     +ADC R4 , R31
                 	__ADDWRR 3,4,30,31
0001ad 9508      	RET
                 
                 ;OPTIMIZER ADDED SUBROUTINE, CALLED 2 TIMES, CODE SIZE REDUCTION:1 WORDS
                 SUBOPT_0x5:
0001ae e0e5      	LDI  R30,LOW(5)
0001af e0f0      	LDI  R31,HIGH(5)
0001b0 15e3      	CP   R30,R3
0001b1 05f4      	CPC  R31,R4
0001b2 9508      	RET
                 
                 ;OPTIMIZER ADDED SUBROUTINE, CALLED 2 TIMES, CODE SIZE REDUCTION:2 WORDS
                 SUBOPT_0x6:
0001b3 e0e0      	LDI  R30,LOW(0)
0001b4 93e0 0081 	STS  129,R30
0001b6 24bb      	CLR  R11
0001b7 24cc      	CLR  R12
0001b8 9508      	RET
                 
                 ;OPTIMIZER ADDED SUBROUTINE, CALLED 4 TIMES, CODE SIZE REDUCTION:25 WORDS
                 SUBOPT_0x7:
0001b9 9ab0      	SBI  0x16,0
0001ba e0e5      	LDI  R30,LOW(5)
0001bb 93e0 0081 	STS  129,R30
0001bd ede9      	LDI  R30,LOW(217)
0001be 93e0 0085 	STS  133,R30
0001c0 93e0 0084 	STS  132,R30
0001c2 9508      	RET
                 
                 ;OPTIMIZER ADDED SUBROUTINE, CALLED 4 TIMES, CODE SIZE REDUCTION:7 WORDS
                 SUBOPT_0x8:
0001c3 e0e1      	LDI  R30,LOW(1)
0001c4 e0f0      	LDI  R31,HIGH(1)
                +
0001c5 2e5e     +MOV R5 , R30
0001c6 2e6f     +MOV R6 , R31
                 	__PUTW1R 5,6
0001c7 9508      	RET
                 
                 ;OPTIMIZER ADDED SUBROUTINE, CALLED 4 TIMES, CODE SIZE REDUCTION:7 WORDS
                 SUBOPT_0x9:
0001c8 e0e1      	LDI  R30,LOW(1)
0001c9 e0f0      	LDI  R31,HIGH(1)
                +
0001ca 2e7e     +MOV R7 , R30
0001cb 2e8f     +MOV R8 , R31
                 	__PUTW1R 7,8
0001cc 9508      	RET
                 
                 ;OPTIMIZER ADDED SUBROUTINE, CALLED 4 TIMES, CODE SIZE REDUCTION:7 WORDS
                 SUBOPT_0xA:
0001cd e0e1      	LDI  R30,LOW(1)
0001ce e0f0      	LDI  R31,HIGH(1)
0001cf 15e5      	CP   R30,R5
0001d0 05f6      	CPC  R31,R6
0001d1 9508      	RET
                 
                 ;OPTIMIZER ADDED SUBROUTINE, CALLED 4 TIMES, CODE SIZE REDUCTION:7 WORDS
                 SUBOPT_0xB:
0001d2 e0e1      	LDI  R30,LOW(1)
0001d3 e0f0      	LDI  R31,HIGH(1)
0001d4 15e7      	CP   R30,R7
0001d5 05f8      	CPC  R31,R8
0001d6 9508      	RET
                 
                 ;OPTIMIZER ADDED SUBROUTINE, CALLED 4 TIMES, CODE SIZE REDUCTION:19 WORDS
                 SUBOPT_0xC:
0001d7 e0e1      	LDI  R30,LOW(1)
0001d8 e0f0      	LDI  R31,HIGH(1)
                +
0001d9 2e9e     +MOV R9 , R30
0001da 2eaf     +MOV R10 , R31
                 	__PUTW1R 9,10
0001db 2455      	CLR  R5
0001dc 2466      	CLR  R6
0001dd 2477      	CLR  R7
0001de 2488      	CLR  R8
0001df 9508      	RET
                 
                 ;OPTIMIZER ADDED SUBROUTINE, CALLED 2 TIMES, CODE SIZE REDUCTION:1 WORDS
                 SUBOPT_0xD:
0001e0 e0e1      	LDI  R30,LOW(1)
0001e1 e0f0      	LDI  R31,HIGH(1)
                +
0001e2 0ebe     +ADD R11 , R30
0001e3 1ecf     +ADC R12 , R31
                 	__ADDWRR 11,12,30,31
0001e4 9508      	RET
                 
                 ;OPTIMIZER ADDED SUBROUTINE, CALLED 4 TIMES, CODE SIZE REDUCTION:10 WORDS
                 SUBOPT_0xE:
0001e5 e0e0      	LDI  R30,LOW(0)
0001e6 93e0 0081 	STS  129,R30
0001e8 2433      	CLR  R3
0001e9 2444      	CLR  R4
0001ea 9508      	RET
                 
                 ;OPTIMIZER ADDED SUBROUTINE, CALLED 2 TIMES, CODE SIZE REDUCTION:4 WORDS
                 SUBOPT_0xF:
0001eb 24dd      	CLR  R13
0001ec 24ee      	CLR  R14
0001ed e0e1      	LDI  R30,LOW(1)
0001ee e0f0      	LDI  R31,HIGH(1)
                +
0001ef 2e3e     +MOV R3 , R30
0001f0 2e4f     +MOV R4 , R31
                 	__PUTW1R 3,4
0001f1 cfc7      	RJMP SUBOPT_0x7
                 
                 ;RUNTIME LIBRARY
                 
                 	.CSEG
                 _delay_ms:
0001f2 9610      	adiw r26,0
0001f3 f039      	breq __delay_ms1
                 __delay_ms0:
0001f4 95a8      	wdr
                +
0001f5 ed80     +LDI R24 , LOW ( 0x7D0 )
0001f6 e097     +LDI R25 , HIGH ( 0x7D0 )
                +__DELAY_USW_LOOP :
0001f7 9701     +SBIW R24 , 1
0001f8 f7f1     +BRNE __DELAY_USW_LOOP
                 	__DELAY_USW 0x7D0
0001f9 9711      	sbiw r26,1
0001fa f7c9      	brne __delay_ms0
                 __delay_ms1:
0001fb 9508      	ret
                 
                 ;END OF CODE MARKER
                 __END_OF_CODE:


RESOURCE USE INFORMATION
------------------------

Notice:
The register and instruction counts are symbol table hit counts,
and hence implicitly used resources are not counted, eg, the
'lpm' instruction without operands implicitly uses r0 and z,
none of which are counted.

x,y,z are separate entities in the symbol table and are
counted separately from r26..r31 here.

.dseg memory usage only counts static data declared with .byte

ATmega328P register use summary:
r0 :  20 r1 :   1 r2 :   0 r3 :   6 r4 :   6 r5 :   7 r6 :   7 r7 :   3 
r8 :   3 r9 :   3 r10:   3 r11:   4 r12:   4 r13:   4 r14:   4 r15:   0 
r16:   0 r17:   0 r18:   0 r19:   0 r20:   0 r21:   0 r22:   2 r23:   0 
r24:   9 r25:   3 r26:   6 r27:   4 r28:   1 r29:   1 r30:  62 r31:  25 
x  :   3 y  :   0 z  :   7 
Registers used: 25 out of 35 (71.4%)

ATmega328P instruction use summary:
.lds  :   0 .lds.l:   0 .sts  :   0 .sts.l:   0 adc   :   2 add   :   2 
adiw  :   1 and   :   0 andi  :   0 asr   :   0 bclr  :   0 bld   :   0 
brbc  :   0 brbs  :   0 brcc  :   0 brcs  :   0 break :   0 breq  :  16 
brge  :   0 brhc  :   0 brhs  :   0 brid  :   0 brie  :   0 brlo  :   0 
brlt  :   0 brmi  :   0 brne  :  13 brpl  :   0 brsh  :   2 brtc  :   0 
brts  :   0 brvc  :   0 brvs  :   0 bset  :   0 bst   :   0 call  :   0 
cbi   :   3 cbr   :   0 clc   :   0 clh   :   0 cli   :   1 cln   :   0 
clr   :  18 cls   :   0 clt   :   0 clv   :   0 clz   :   0 com   :   0 
cp    :  10 cpc   :  10 cpi   :   0 cpse  :   0 dec   :   1 des   :   0 
eor   :   0 fmul  :   0 fmuls :   0 fmulsu:   0 icall :   0 ijmp  :   0 
in    :   0 inc   :   0 jmp   :  27 ld    :   0 ldd   :   0 ldi   :  52 
lds   :   0 lpm   :   7 lsl   :   0 lsr   :   0 mov   :  12 movw  :   3 
mul   :   0 muls  :   0 mulsu :   0 neg   :   0 nop   :   0 or    :   2 
ori   :   0 out   :  10 pop   :   0 push  :   0 rcall :  66 ret   :  16 
reti  :   0 rjmp  : 102 rol   :   0 ror   :   0 sbc   :   0 sbci  :   0 
sbi   :   4 sbic  :  40 sbis  :  24 sbiw  :   5 sbr   :   0 sbrc  :   0 
sbrs  :   0 sec   :   0 seh   :   0 sei   :   0 sen   :   0 ser   :   0 
ses   :   0 set   :   0 sev   :   0 sez   :   0 sleep :   0 spm   :   0 
st    :   3 std   :   0 sts   :   9 sub   :   0 subi  :   0 swap  :   0 
tst   :   0 wdr   :   1 
Instructions used: 29 out of 116 (25.0%)

ATmega328P memory use summary [bytes]:
Segment   Begin    End      Code   Data   Used    Size   Use%
---------------------------------------------------------------
[.cseg] 0x000000 0x0003f8    996     20   1016   32768   3.1%
[.dseg] 0x000100 0x000300      0      0      0    2048   0.0%
[.eseg] 0x000000 0x000000      0      0      0    1024   0.0%

Assembly complete, 0 errors, 12 warnings
